mode: count
github.com/aether-engine/aether-engine/internal/shared/domain/id_generator.go:36.36,37.28 1 0
github.com/aether-engine/aether-engine/internal/shared/domain/id_generator.go:37.28,43.3 1 0
github.com/aether-engine/aether-engine/internal/shared/domain/id_generator.go:44.2,44.28 1 0
github.com/aether-engine/aether-engine/internal/shared/domain/id_generator.go:50.44,52.2 1 0
github.com/aether-engine/aether-engine/internal/shared/domain/id_generator.go:57.42,59.2 1 0
github.com/aether-engine/aether-engine/internal/shared/domain/id_generator.go:64.42,66.2 1 0
github.com/aether-engine/aether-engine/internal/shared/domain/id_generator.go:71.48,73.2 1 0
github.com/aether-engine/aether-engine/internal/shared/domain/id_generator.go:78.43,80.2 1 0
github.com/aether-engine/aether-engine/internal/shared/domain/id_generator.go:85.43,87.2 1 0
github.com/aether-engine/aether-engine/internal/shared/domain/id_generator.go:91.56,104.2 5 0
github.com/aether-engine/aether-engine/internal/shared/domain/id_generator.go:108.45,111.16 3 0
github.com/aether-engine/aether-engine/internal/shared/domain/id_generator.go:111.16,117.3 4 0
github.com/aether-engine/aether-engine/internal/shared/domain/id_generator.go:120.2,123.79 3 0
github.com/aether-engine/aether-engine/internal/shared/domain/id_generator.go:136.49,146.2 3 0
github.com/aether-engine/aether-engine/internal/shared/domain/id_generator.go:150.31,155.2 4 0
github.com/aether-engine/aether-engine/internal/shared/domain/id_generator.go:159.33,162.40 2 0
github.com/aether-engine/aether-engine/internal/shared/domain/id_generator.go:162.40,165.3 1 0
github.com/aether-engine/aether-engine/internal/shared/domain/id_generator.go:166.2,166.34 1 0
github.com/aether-engine/aether-engine/internal/shared/domain/id_generator.go:172.32,174.2 1 0
github.com/aether-engine/aether-engine/internal/shared/domain/id_generator.go:177.30,179.2 1 0
github.com/aether-engine/aether-engine/internal/shared/domain/id_generator.go:182.30,184.2 1 0
github.com/aether-engine/aether-engine/internal/shared/domain/id_generator.go:187.36,189.2 1 0
github.com/aether-engine/aether-engine/internal/shared/domain/id_generator.go:192.31,194.2 1 0
github.com/aether-engine/aether-engine/internal/shared/domain/id_generator.go:198.36,199.23 1 0
github.com/aether-engine/aether-engine/internal/shared/domain/id_generator.go:199.23,200.15 1 0
github.com/aether-engine/aether-engine/internal/shared/domain/id_generator.go:200.15,202.4 1 0
github.com/aether-engine/aether-engine/internal/shared/domain/id_generator.go:204.2,204.11 1 0
github.com/aether-engine/aether-engine/internal/shared/domain/id_generator.go:209.39,211.12 2 0
github.com/aether-engine/aether-engine/internal/shared/domain/id_generator.go:211.12,213.3 1 0
github.com/aether-engine/aether-engine/internal/shared/domain/id_generator.go:217.2,218.23 2 0
github.com/aether-engine/aether-engine/internal/shared/domain/id_generator.go:218.23,219.15 1 0
github.com/aether-engine/aether-engine/internal/shared/domain/id_generator.go:219.15,221.4 1 0
github.com/aether-engine/aether-engine/internal/shared/domain/id_generator.go:224.2,224.26 1 0
github.com/aether-engine/aether-engine/internal/shared/domain/types.go:39.37,39.52 1 0
github.com/aether-engine/aether-engine/internal/shared/domain/types.go:40.37,40.54 1 0
github.com/aether-engine/aether-engine/internal/shared/domain/types.go:41.37,41.58 1 0
github.com/aether-engine/aether-engine/internal/shared/domain/types.go:42.37,42.59 1 0
github.com/aether-engine/aether-engine/internal/shared/domain/types.go:43.37,43.55 1 0
github.com/aether-engine/aether-engine/internal/shared/domain/types.go:61.49,66.2 1 0
github.com/aether-engine/aether-engine/internal/shared/domain/types.go:69.38,71.2 1 0
github.com/aether-engine/aether-engine/internal/shared/domain/value_objects.go:15.47,16.20 1 0
github.com/aether-engine/aether-engine/internal/shared/domain/value_objects.go:16.20,18.3 1 0
github.com/aether-engine/aether-engine/internal/shared/domain/value_objects.go:19.2,19.35 1 0
github.com/aether-engine/aether-engine/internal/shared/domain/value_objects.go:23.28,23.42 1 0
github.com/aether-engine/aether-engine/internal/shared/domain/value_objects.go:26.28,26.42 1 0
github.com/aether-engine/aether-engine/internal/shared/domain/value_objects.go:29.49,31.2 1 0
github.com/aether-engine/aether-engine/internal/shared/domain/value_objects.go:34.50,36.2 1 0
github.com/aether-engine/aether-engine/internal/shared/domain/value_objects.go:39.65,43.2 3 0
github.com/aether-engine/aether-engine/internal/shared/domain/value_objects.go:46.55,48.2 1 0
github.com/aether-engine/aether-engine/internal/shared/domain/value_objects.go:51.64,55.2 3 0
github.com/aether-engine/aether-engine/internal/shared/domain/value_objects.go:71.84,72.38 1 0
github.com/aether-engine/aether-engine/internal/shared/domain/value_objects.go:72.38,74.3 1 0
github.com/aether-engine/aether-engine/internal/shared/domain/value_objects.go:75.2,75.48 1 0
github.com/aether-engine/aether-engine/internal/shared/domain/value_objects.go:75.48,77.3 1 0
github.com/aether-engine/aether-engine/internal/shared/domain/value_objects.go:78.2,78.26 1 0
github.com/aether-engine/aether-engine/internal/shared/domain/value_objects.go:78.26,80.3 1 0
github.com/aether-engine/aether-engine/internal/shared/domain/value_objects.go:82.2,92.8 1 0
github.com/aether-engine/aether-engine/internal/shared/domain/value_objects.go:96.32,108.2 1 0
github.com/aether-engine/aether-engine/internal/shared/domain/value_objects.go:111.43,121.2 1 0
github.com/aether-engine/aether-engine/internal/shared/domain/value_objects.go:142.67,143.34 1 0
github.com/aether-engine/aether-engine/internal/shared/domain/value_objects.go:143.34,145.3 1 0
github.com/aether-engine/aether-engine/internal/shared/domain/value_objects.go:148.2,149.26 2 0
github.com/aether-engine/aether-engine/internal/shared/domain/value_objects.go:149.26,151.30 2 0
github.com/aether-engine/aether-engine/internal/shared/domain/value_objects.go:151.30,153.4 1 0
github.com/aether-engine/aether-engine/internal/shared/domain/value_objects.go:156.2,160.8 1 0
github.com/aether-engine/aether-engine/internal/shared/domain/value_objects.go:164.38,164.58 1 0
github.com/aether-engine/aether-engine/internal/shared/domain/value_objects.go:167.38,167.58 1 0
github.com/aether-engine/aether-engine/internal/shared/domain/value_objects.go:170.59,173.2 1 0
github.com/aether-engine/aether-engine/internal/shared/domain/value_objects.go:176.79,177.28 1 0
github.com/aether-engine/aether-engine/internal/shared/domain/value_objects.go:177.28,179.3 1 0
github.com/aether-engine/aether-engine/internal/shared/domain/value_objects.go:180.2,180.42 1 0
github.com/aether-engine/aether-engine/internal/shared/domain/value_objects.go:184.89,185.28 1 0
github.com/aether-engine/aether-engine/internal/shared/domain/value_objects.go:185.28,187.3 1 0
github.com/aether-engine/aether-engine/internal/shared/domain/value_objects.go:188.2,189.12 2 0
github.com/aether-engine/aether-engine/internal/shared/domain/value_objects.go:193.59,194.28 1 0
github.com/aether-engine/aether-engine/internal/shared/domain/value_objects.go:194.28,196.3 1 0
github.com/aether-engine/aether-engine/internal/shared/domain/value_objects.go:197.2,198.39 2 0
github.com/aether-engine/aether-engine/internal/shared/domain/value_objects.go:202.53,205.2 2 0
github.com/aether-engine/aether-engine/internal/shared/domain/value_objects.go:208.59,209.28 1 0
github.com/aether-engine/aether-engine/internal/shared/domain/value_objects.go:209.28,211.3 1 0
github.com/aether-engine/aether-engine/internal/shared/domain/value_objects.go:213.2,214.21 2 0
github.com/aether-engine/aether-engine/internal/shared/domain/value_objects.go:215.50,216.11 1 0
github.com/aether-engine/aether-engine/internal/shared/domain/value_objects.go:217.24,218.11 1 0
github.com/aether-engine/aether-engine/internal/shared/domain/value_objects.go:219.23,220.12 1 0
github.com/aether-engine/aether-engine/internal/shared/domain/value_objects.go:221.10,222.11 1 0
github.com/aether-engine/aether-engine/internal/shared/domain/value_objects.go:227.71,237.33 3 0
github.com/aether-engine/aether-engine/internal/shared/domain/value_objects.go:237.33,239.36 2 0
github.com/aether-engine/aether-engine/internal/shared/domain/value_objects.go:239.36,241.4 1 0
github.com/aether-engine/aether-engine/internal/shared/domain/value_objects.go:244.2,244.19 1 0
github.com/aether-engine/aether-engine/internal/shared/domain/value_objects.go:248.87,251.33 2 0
github.com/aether-engine/aether-engine/internal/shared/domain/value_objects.go:251.33,252.34 1 0
github.com/aether-engine/aether-engine/internal/shared/domain/value_objects.go:252.34,254.38 2 0
github.com/aether-engine/aether-engine/internal/shared/domain/value_objects.go:254.38,256.5 1 0
github.com/aether-engine/aether-engine/internal/shared/domain/value_objects.go:260.2,260.18 1 0
github.com/aether-engine/aether-engine/internal/shared/domain/value_objects.go:264.84,268.2 1 0
github.com/aether-engine/aether-engine/internal/shared/domain/value_objects.go:309.69,320.20 2 0
github.com/aether-engine/aether-engine/internal/shared/domain/value_objects.go:321.18,323.29 2 0
github.com/aether-engine/aether-engine/internal/shared/domain/value_objects.go:324.18,325.29 1 0
github.com/aether-engine/aether-engine/internal/shared/domain/value_objects.go:326.21,328.29 2 0
github.com/aether-engine/aether-engine/internal/shared/domain/value_objects.go:329.23,333.5 1 0
github.com/aether-engine/aether-engine/internal/shared/domain/value_objects.go:336.2,336.10 1 0
github.com/aether-engine/aether-engine/internal/shared/domain/value_objects.go:340.53,340.76 1 0
github.com/aether-engine/aether-engine/internal/shared/domain/value_objects.go:341.53,341.71 1 0
github.com/aether-engine/aether-engine/internal/shared/domain/value_objects.go:342.53,342.75 1 0
github.com/aether-engine/aether-engine/internal/shared/domain/value_objects.go:343.53,343.79 1 0
github.com/aether-engine/aether-engine/internal/shared/domain/value_objects.go:344.53,344.79 1 0
github.com/aether-engine/aether-engine/internal/shared/domain/value_objects.go:345.53,345.83 1 0
github.com/aether-engine/aether-engine/internal/shared/domain/value_objects.go:348.38,349.17 1 0
github.com/aether-engine/aether-engine/internal/shared/domain/value_objects.go:349.17,351.3 1 0
github.com/aether-engine/aether-engine/internal/shared/domain/value_objects.go:355.35,357.2 1 0
github.com/aether-engine/aether-engine/internal/shared/domain/value_objects.go:360.51,361.29 1 0
github.com/aether-engine/aether-engine/internal/shared/domain/value_objects.go:361.29,363.3 1 0
github.com/aether-engine/aether-engine/internal/shared/domain/value_objects.go:364.2,364.12 1 0
github.com/aether-engine/aether-engine/internal/shared/domain/value_objects.go:369.56,371.38 1 0
github.com/aether-engine/aether-engine/internal/shared/domain/value_objects.go:371.38,373.3 1 0
github.com/aether-engine/aether-engine/internal/shared/domain/value_objects.go:378.54,380.38 1 0
github.com/aether-engine/aether-engine/internal/shared/domain/value_objects.go:380.38,382.3 1 0
github.com/aether-engine/aether-engine/internal/shared/domain/value_objects.go:387.79,388.22 1 0
github.com/aether-engine/aether-engine/internal/shared/domain/value_objects.go:389.35,392.58 3 0
github.com/aether-engine/aether-engine/internal/shared/domain/value_objects.go:393.26,396.56 3 0
github.com/aether-engine/aether-engine/internal/shared/domain/value_objects.go:398.2,398.12 1 0
github.com/aether-engine/aether-engine/internal/shared/domain/value_objects.go:402.21,403.11 1 0
github.com/aether-engine/aether-engine/internal/shared/domain/value_objects.go:403.11,405.3 1 0
github.com/aether-engine/aether-engine/internal/shared/domain/value_objects.go:406.2,406.10 1 0
github.com/aether-engine/aether-engine/internal/combat/domain/combat.go:37.92,38.41 1 0
github.com/aether-engine/aether-engine/internal/combat/domain/combat.go:38.41,40.3 1 0
github.com/aether-engine/aether-engine/internal/combat/domain/combat.go:42.2,61.33 2 0
github.com/aether-engine/aether-engine/internal/combat/domain/combat.go:61.33,63.3 1 0
github.com/aether-engine/aether-engine/internal/combat/domain/combat.go:65.2,65.20 1 0
github.com/aether-engine/aether-engine/internal/combat/domain/combat.go:69.48,69.63 1 0
github.com/aether-engine/aether-engine/internal/combat/domain/combat.go:70.48,70.65 1 0
github.com/aether-engine/aether-engine/internal/combat/domain/combat.go:71.48,71.67 1 0
github.com/aether-engine/aether-engine/internal/combat/domain/combat.go:72.48,72.71 1 0
github.com/aether-engine/aether-engine/internal/combat/domain/combat.go:73.48,73.68 1 0
github.com/aether-engine/aether-engine/internal/combat/domain/combat.go:74.48,74.68 1 0
github.com/aether-engine/aether-engine/internal/combat/domain/combat.go:75.48,75.77 1 0
github.com/aether-engine/aether-engine/internal/combat/domain/combat.go:80.40,82.2 1 0
github.com/aether-engine/aether-engine/internal/combat/domain/combat.go:84.52,86.2 1 0
github.com/aether-engine/aether-engine/internal/combat/domain/combat.go:92.67,94.2 1 0
github.com/aether-engine/aether-engine/internal/combat/domain/combat.go:97.42,99.2 1 0
github.com/aether-engine/aether-engine/internal/combat/domain/combat.go:102.41,104.2 1 0
github.com/aether-engine/aether-engine/internal/combat/domain/combat.go:107.75,109.2 1 0
github.com/aether-engine/aether-engine/internal/combat/domain/combat.go:112.57,114.2 1 0
github.com/aether-engine/aether-engine/internal/combat/domain/combat.go:120.49,122.2 1 0
github.com/aether-engine/aether-engine/internal/combat/domain/combat.go:125.79,127.2 1 0
github.com/aether-engine/aether-engine/internal/combat/domain/combat.go:130.52,132.2 1 0
github.com/aether-engine/aether-engine/internal/combat/domain/combat.go:135.46,137.2 1 0
github.com/aether-engine/aether-engine/internal/combat/domain/combat.go:140.57,142.35 2 0
github.com/aether-engine/aether-engine/internal/combat/domain/combat.go:142.35,143.28 1 0
github.com/aether-engine/aether-engine/internal/combat/domain/combat.go:143.28,144.44 1 0
github.com/aether-engine/aether-engine/internal/combat/domain/combat.go:144.44,145.30 1 0
github.com/aether-engine/aether-engine/internal/combat/domain/combat.go:145.30,147.6 1 0
github.com/aether-engine/aether-engine/internal/combat/domain/combat.go:151.2,151.16 1 0
github.com/aether-engine/aether-engine/internal/combat/domain/combat.go:155.54,158.40 2 0
github.com/aether-engine/aether-engine/internal/combat/domain/combat.go:158.40,160.30 1 0
github.com/aether-engine/aether-engine/internal/combat/domain/combat.go:160.30,161.12 1 0
github.com/aether-engine/aether-engine/internal/combat/domain/combat.go:164.3,164.34 1 0
github.com/aether-engine/aether-engine/internal/combat/domain/combat.go:164.34,166.4 1 0
github.com/aether-engine/aether-engine/internal/combat/domain/combat.go:169.2,169.25 1 0
github.com/aether-engine/aether-engine/internal/combat/domain/combat.go:169.25,171.39 1 0
github.com/aether-engine/aether-engine/internal/combat/domain/combat.go:171.39,172.31 1 0
github.com/aether-engine/aether-engine/internal/combat/domain/combat.go:172.31,174.5 1 0
github.com/aether-engine/aether-engine/internal/combat/domain/combat.go:177.3,177.45 1 0
github.com/aether-engine/aether-engine/internal/combat/domain/combat.go:177.45,179.4 1 0
github.com/aether-engine/aether-engine/internal/combat/domain/combat.go:180.3,180.18 1 0
github.com/aether-engine/aether-engine/internal/combat/domain/combat.go:183.2,183.19 1 0
github.com/aether-engine/aether-engine/internal/combat/domain/combat.go:187.43,189.2 1 0
github.com/aether-engine/aether-engine/internal/combat/domain/combat.go:192.43,195.2 0 0
github.com/aether-engine/aether-engine/internal/combat/domain/combat.go:198.51,201.2 1 0
github.com/aether-engine/aether-engine/internal/combat/domain/combat.go:203.58,206.2 1 0
github.com/aether-engine/aether-engine/internal/combat/domain/combat.go:208.63,210.2 0 0
github.com/aether-engine/aether-engine/internal/combat/domain/combat.go:212.61,214.2 0 0
github.com/aether-engine/aether-engine/internal/combat/domain/combat.go:216.58,219.2 1 0
github.com/aether-engine/aether-engine/internal/combat/domain/combat.go:223.35,224.27 1 0
github.com/aether-engine/aether-engine/internal/combat/domain/combat.go:224.27,226.3 1 0
github.com/aether-engine/aether-engine/internal/combat/domain/combat.go:228.2,233.12 3 0
github.com/aether-engine/aether-engine/internal/combat/domain/combat.go:239.44,244.2 4 0
github.com/aether-engine/aether-engine/internal/combat/domain/combat.go:247.53,249.2 1 0
github.com/aether-engine/aether-engine/internal/combat/domain/combat.go:252.43,254.2 1 0
github.com/aether-engine/aether-engine/internal/combat/domain/combat.go:258.72,259.22 1 0
github.com/aether-engine/aether-engine/internal/combat/domain/combat.go:259.22,261.3 1 0
github.com/aether-engine/aether-engine/internal/combat/domain/combat.go:264.2,265.9 2 0
github.com/aether-engine/aether-engine/internal/combat/domain/combat.go:265.9,267.3 1 0
github.com/aether-engine/aether-engine/internal/combat/domain/combat.go:269.2,276.29 2 0
github.com/aether-engine/aether-engine/internal/combat/domain/combat.go:276.29,277.43 1 0
github.com/aether-engine/aether-engine/internal/combat/domain/combat.go:277.43,279.4 1 0
github.com/aether-engine/aether-engine/internal/combat/domain/combat.go:280.3,280.42 1 0
github.com/aether-engine/aether-engine/internal/combat/domain/combat.go:283.2,283.20 1 0
github.com/aether-engine/aether-engine/internal/combat/domain/combat.go:287.45,288.25 1 0
github.com/aether-engine/aether-engine/internal/combat/domain/combat.go:289.27,292.13 3 0
github.com/aether-engine/aether-engine/internal/combat/domain/combat.go:293.25,295.13 2 0
github.com/aether-engine/aether-engine/internal/combat/domain/combat.go:296.27,298.13 2 0
github.com/aether-engine/aether-engine/internal/combat/domain/combat.go:301.28,303.13 1 0
github.com/aether-engine/aether-engine/internal/combat/domain/combat.go:304.10,305.50 1 0
github.com/aether-engine/aether-engine/internal/combat/domain/combat.go:309.49,310.35 1 0
github.com/aether-engine/aether-engine/internal/combat/domain/combat.go:310.35,311.42 1 0
github.com/aether-engine/aether-engine/internal/combat/domain/combat.go:311.42,312.24 1 0
github.com/aether-engine/aether-engine/internal/combat/domain/combat.go:312.24,314.5 1 0
github.com/aether-engine/aether-engine/internal/combat/domain/combat.go:317.2,317.12 1 0
github.com/aether-engine/aether-engine/internal/combat/domain/combat.go:320.79,324.35 2 0
github.com/aether-engine/aether-engine/internal/combat/domain/combat.go:324.35,325.42 1 0
github.com/aether-engine/aether-engine/internal/combat/domain/combat.go:325.42,326.57 1 0
github.com/aether-engine/aether-engine/internal/combat/domain/combat.go:326.57,330.5 3 0
github.com/aether-engine/aether-engine/internal/combat/domain/combat.go:334.2,334.18 1 0
github.com/aether-engine/aether-engine/internal/combat/domain/combat.go:341.59,343.2 1 0
github.com/aether-engine/aether-engine/internal/combat/domain/combat.go:345.67,347.2 1 0
github.com/aether-engine/aether-engine/internal/combat/domain/combat.go:349.68,351.2 1 0
github.com/aether-engine/aether-engine/internal/combat/domain/combat.go:353.63,355.2 1 0
github.com/aether-engine/aether-engine/internal/combat/domain/combat.go:357.63,359.2 1 0
github.com/aether-engine/aether-engine/internal/combat/domain/combat.go:363.57,365.2 1 0
github.com/aether-engine/aether-engine/internal/combat/domain/combat.go:367.60,369.2 1 0
github.com/aether-engine/aether-engine/internal/combat/domain/combat.go:371.61,373.2 1 0
github.com/aether-engine/aether-engine/internal/combat/domain/combat.go:375.56,377.2 1 0
github.com/aether-engine/aether-engine/internal/combat/domain/combat.go:379.58,381.2 1 0
github.com/aether-engine/aether-engine/internal/combat/domain/competence.go:77.59,77.81 1 0
github.com/aether-engine/aether-engine/internal/combat/domain/competence.go:78.59,78.78 1 0
github.com/aether-engine/aether-engine/internal/combat/domain/competence.go:79.59,79.77 1 0
github.com/aether-engine/aether-engine/internal/combat/domain/competence.go:80.59,80.78 1 0
github.com/aether-engine/aether-engine/internal/combat/domain/competence.go:105.15,122.2 1 0
github.com/aether-engine/aether-engine/internal/combat/domain/competence.go:125.49,125.64 1 0
github.com/aether-engine/aether-engine/internal/combat/domain/competence.go:126.49,126.65 1 0
github.com/aether-engine/aether-engine/internal/combat/domain/competence.go:127.49,127.73 1 0
github.com/aether-engine/aether-engine/internal/combat/domain/competence.go:128.49,128.76 1 0
github.com/aether-engine/aether-engine/internal/combat/domain/competence.go:129.49,129.68 1 0
github.com/aether-engine/aether-engine/internal/combat/domain/competence.go:130.49,130.66 1 0
github.com/aether-engine/aether-engine/internal/combat/domain/competence.go:131.49,131.68 1 0
github.com/aether-engine/aether-engine/internal/combat/domain/competence.go:132.49,132.73 1 0
github.com/aether-engine/aether-engine/internal/combat/domain/competence.go:133.49,133.70 1 0
github.com/aether-engine/aether-engine/internal/combat/domain/competence.go:134.49,134.76 1 0
github.com/aether-engine/aether-engine/internal/combat/domain/competence.go:135.49,135.72 1 0
github.com/aether-engine/aether-engine/internal/combat/domain/competence.go:136.49,136.74 1 0
github.com/aether-engine/aether-engine/internal/combat/domain/competence.go:137.49,137.68 1 0
github.com/aether-engine/aether-engine/internal/combat/domain/competence.go:138.49,138.68 1 0
github.com/aether-engine/aether-engine/internal/combat/domain/competence.go:141.58,143.2 1 0
github.com/aether-engine/aether-engine/internal/combat/domain/competence.go:146.43,148.2 1 0
github.com/aether-engine/aether-engine/internal/combat/domain/competence.go:151.40,153.2 1 0
github.com/aether-engine/aether-engine/internal/combat/domain/competence.go:156.45,157.26 1 0
github.com/aether-engine/aether-engine/internal/combat/domain/competence.go:157.26,159.3 1 0
github.com/aether-engine/aether-engine/internal/combat/domain/competence.go:163.51,165.2 1 0
github.com/aether-engine/aether-engine/internal/combat/domain/competence.go:168.62,171.26 2 0
github.com/aether-engine/aether-engine/internal/combat/domain/competence.go:172.25,173.23 1 0
github.com/aether-engine/aether-engine/internal/combat/domain/competence.go:174.23,175.24 1 0
github.com/aether-engine/aether-engine/internal/combat/domain/competence.go:176.10,177.15 1 0
github.com/aether-engine/aether-engine/internal/combat/domain/competence.go:181.2,182.20 2 0
github.com/aether-engine/aether-engine/internal/combat/domain/competence.go:186.65,190.18 2 0
github.com/aether-engine/aether-engine/internal/combat/domain/competence.go:191.20,192.21 1 0
github.com/aether-engine/aether-engine/internal/combat/domain/competence.go:193.19,194.20 1 0
github.com/aether-engine/aether-engine/internal/combat/domain/competence.go:195.16,196.36 1 0
github.com/aether-engine/aether-engine/internal/combat/domain/competence.go:197.17,198.14 1 0
github.com/aether-engine/aether-engine/internal/combat/domain/competence.go:199.10,200.15 1 0
github.com/aether-engine/aether-engine/internal/combat/domain/competence.go:205.120,208.22 2 0
github.com/aether-engine/aether-engine/internal/combat/domain/competence.go:209.18,210.40 1 0
github.com/aether-engine/aether-engine/internal/combat/domain/competence.go:212.18,214.65 1 0
github.com/aether-engine/aether-engine/internal/combat/domain/competence.go:216.16,218.40 1 0
github.com/aether-engine/aether-engine/internal/combat/domain/competence.go:220.17,222.40 1 0
github.com/aether-engine/aether-engine/internal/combat/domain/competence.go:224.17,226.40 1 0
github.com/aether-engine/aether-engine/internal/combat/domain/competence.go:229.2,229.18 1 0
github.com/aether-engine/aether-engine/internal/combat/domain/competence.go:233.42,238.2 4 0
github.com/aether-engine/aether-engine/internal/combat/domain/damage_calculator.go:24.53,26.2 1 0
github.com/aether-engine/aether-engine/internal/combat/domain/damage_calculator.go:28.108,49.21 7 0
github.com/aether-engine/aether-engine/internal/combat/domain/damage_calculator.go:49.21,51.3 1 0
github.com/aether-engine/aether-engine/internal/combat/domain/damage_calculator.go:53.2,53.37 1 0
github.com/aether-engine/aether-engine/internal/combat/domain/damage_calculator.go:56.113,58.2 1 0
github.com/aether-engine/aether-engine/internal/combat/domain/damage_calculator.go:60.53,62.2 1 0
github.com/aether-engine/aether-engine/internal/combat/domain/damage_calculator.go:73.52,75.2 1 0
github.com/aether-engine/aether-engine/internal/combat/domain/damage_calculator.go:77.107,99.21 9 0
github.com/aether-engine/aether-engine/internal/combat/domain/damage_calculator.go:99.21,101.3 1 0
github.com/aether-engine/aether-engine/internal/combat/domain/damage_calculator.go:103.2,103.37 1 0
github.com/aether-engine/aether-engine/internal/combat/domain/damage_calculator.go:106.112,108.2 1 0
github.com/aether-engine/aether-engine/internal/combat/domain/damage_calculator.go:110.52,112.2 1 0
github.com/aether-engine/aether-engine/internal/combat/domain/damage_calculator.go:125.60,127.2 1 0
github.com/aether-engine/aether-engine/internal/combat/domain/damage_calculator.go:129.105,132.2 1 0
github.com/aether-engine/aether-engine/internal/combat/domain/damage_calculator.go:134.110,136.2 1 0
github.com/aether-engine/aether-engine/internal/combat/domain/damage_calculator.go:138.50,140.2 1 0
github.com/aether-engine/aether-engine/internal/combat/domain/damage_calculator.go:155.86,160.2 1 0
github.com/aether-engine/aether-engine/internal/combat/domain/damage_calculator.go:162.106,181.21 8 0
github.com/aether-engine/aether-engine/internal/combat/domain/damage_calculator.go:181.21,183.3 1 0
github.com/aether-engine/aether-engine/internal/combat/domain/damage_calculator.go:185.2,185.37 1 0
github.com/aether-engine/aether-engine/internal/combat/domain/damage_calculator.go:188.111,190.2 1 0
github.com/aether-engine/aether-engine/internal/combat/domain/damage_calculator.go:192.51,194.2 1 0
github.com/aether-engine/aether-engine/internal/combat/domain/damage_calculator.go:209.94,214.2 1 0
github.com/aether-engine/aether-engine/internal/combat/domain/damage_calculator.go:216.112,220.20 3 0
github.com/aether-engine/aether-engine/internal/combat/domain/damage_calculator.go:220.20,222.3 1 0
github.com/aether-engine/aether-engine/internal/combat/domain/damage_calculator.go:222.8,224.3 1 0
github.com/aether-engine/aether-engine/internal/combat/domain/damage_calculator.go:226.2,229.16 2 0
github.com/aether-engine/aether-engine/internal/combat/domain/damage_calculator.go:229.16,231.3 1 0
github.com/aether-engine/aether-engine/internal/combat/domain/damage_calculator.go:233.2,233.32 1 0
github.com/aether-engine/aether-engine/internal/combat/domain/damage_calculator.go:236.117,238.2 1 0
github.com/aether-engine/aether-engine/internal/combat/domain/damage_calculator.go:240.57,242.2 1 0
github.com/aether-engine/aether-engine/internal/combat/domain/damage_calculator.go:257.110,263.2 1 0
github.com/aether-engine/aether-engine/internal/combat/domain/damage_calculator.go:265.108,276.2 2 0
github.com/aether-engine/aether-engine/internal/combat/domain/damage_calculator.go:278.113,280.2 1 0
github.com/aether-engine/aether-engine/internal/combat/domain/damage_calculator.go:282.53,284.2 1 0
github.com/aether-engine/aether-engine/internal/combat/domain/damage_calculator.go:295.60,297.2 1 0
github.com/aether-engine/aether-engine/internal/combat/domain/damage_calculator.go:300.93,301.27 1 0
github.com/aether-engine/aether-engine/internal/combat/domain/damage_calculator.go:302.25,303.39 1 0
github.com/aether-engine/aether-engine/internal/combat/domain/damage_calculator.go:304.23,305.38 1 0
github.com/aether-engine/aether-engine/internal/combat/domain/damage_calculator.go:306.22,308.37 1 0
github.com/aether-engine/aether-engine/internal/combat/domain/damage_calculator.go:309.40,311.37 1 0
github.com/aether-engine/aether-engine/internal/combat/domain/damage_calculator.go:312.10,314.39 1 0
github.com/aether-engine/aether-engine/internal/combat/domain/damage_calculator.go:319.112,321.2 1 0
github.com/aether-engine/aether-engine/internal/combat/domain/damage_calculator.go:324.120,326.2 1 0
github.com/aether-engine/aether-engine/internal/combat/domain/damage_calculator.go:329.130,331.2 1 0
github.com/aether-engine/aether-engine/internal/combat/domain/damage_calculator.go:338.112,339.23 1 0
github.com/aether-engine/aether-engine/internal/combat/domain/damage_calculator.go:339.23,343.3 2 0
github.com/aether-engine/aether-engine/internal/combat/domain/damage_calculator.go:345.2,345.61 1 0
github.com/aether-engine/aether-engine/internal/combat/domain/enums.go:14.37,15.11 1 0
github.com/aether-engine/aether-engine/internal/combat/domain/enums.go:16.19,17.19 1 0
github.com/aether-engine/aether-engine/internal/combat/domain/enums.go:18.19,19.19 1 0
github.com/aether-engine/aether-engine/internal/combat/domain/enums.go:20.17,21.17 1 0
github.com/aether-engine/aether-engine/internal/combat/domain/enums.go:22.19,23.20 1 0
github.com/aether-engine/aether-engine/internal/combat/domain/enums.go:24.18,25.19 1 0
github.com/aether-engine/aether-engine/internal/combat/domain/enums.go:26.10,27.19 1 0
github.com/aether-engine/aether-engine/internal/combat/domain/enums.go:44.36,45.11 1 0
github.com/aether-engine/aether-engine/internal/combat/domain/enums.go:46.24,47.24 1 0
github.com/aether-engine/aether-engine/internal/combat/domain/enums.go:48.22,49.22 1 0
github.com/aether-engine/aether-engine/internal/combat/domain/enums.go:50.26,51.25 1 0
github.com/aether-engine/aether-engine/internal/combat/domain/enums.go:52.28,53.27 1 0
github.com/aether-engine/aether-engine/internal/combat/domain/enums.go:54.27,55.26 1 0
github.com/aether-engine/aether-engine/internal/combat/domain/enums.go:56.20,57.19 1 0
github.com/aether-engine/aether-engine/internal/combat/domain/enums.go:58.20,59.20 1 0
github.com/aether-engine/aether-engine/internal/combat/domain/enums.go:60.10,61.19 1 0
github.com/aether-engine/aether-engine/internal/combat/domain/equipe.go:23.101,24.15 1 0
github.com/aether-engine/aether-engine/internal/combat/domain/equipe.go:24.15,26.3 1 0
github.com/aether-engine/aether-engine/internal/combat/domain/equipe.go:29.2,29.30 1 0
github.com/aether-engine/aether-engine/internal/combat/domain/equipe.go:29.30,31.3 1 0
github.com/aether-engine/aether-engine/internal/combat/domain/equipe.go:33.2,40.8 1 0
github.com/aether-engine/aether-engine/internal/combat/domain/equipe.go:44.37,44.52 1 0
github.com/aether-engine/aether-engine/internal/combat/domain/equipe.go:45.37,45.53 1 0
github.com/aether-engine/aether-engine/internal/combat/domain/equipe.go:46.37,46.57 1 0
github.com/aether-engine/aether-engine/internal/combat/domain/equipe.go:47.37,47.57 1 0
github.com/aether-engine/aether-engine/internal/combat/domain/equipe.go:48.37,48.54 1 0
github.com/aether-engine/aether-engine/internal/combat/domain/equipe.go:49.37,49.58 1 0
github.com/aether-engine/aether-engine/internal/combat/domain/equipe.go:52.52,54.30 1 0
github.com/aether-engine/aether-engine/internal/combat/domain/equipe.go:54.30,55.27 1 0
github.com/aether-engine/aether-engine/internal/combat/domain/equipe.go:55.27,57.4 1 0
github.com/aether-engine/aether-engine/internal/combat/domain/equipe.go:61.2,61.28 1 0
github.com/aether-engine/aether-engine/internal/combat/domain/equipe.go:61.28,63.3 1 0
github.com/aether-engine/aether-engine/internal/combat/domain/equipe.go:65.2,66.12 2 0
github.com/aether-engine/aether-engine/internal/combat/domain/equipe.go:70.54,71.35 1 0
github.com/aether-engine/aether-engine/internal/combat/domain/equipe.go:71.35,72.29 1 0
github.com/aether-engine/aether-engine/internal/combat/domain/equipe.go:72.29,75.4 2 0
github.com/aether-engine/aether-engine/internal/combat/domain/equipe.go:77.2,77.42 1 0
github.com/aether-engine/aether-engine/internal/combat/domain/equipe.go:81.55,82.35 1 0
github.com/aether-engine/aether-engine/internal/combat/domain/equipe.go:82.35,83.29 1 0
github.com/aether-engine/aether-engine/internal/combat/domain/equipe.go:83.29,85.4 1 0
github.com/aether-engine/aether-engine/internal/combat/domain/equipe.go:87.2,87.12 1 0
github.com/aether-engine/aether-engine/internal/combat/domain/equipe.go:91.38,93.2 1 0
github.com/aether-engine/aether-engine/internal/combat/domain/equipe.go:96.44,97.35 1 0
github.com/aether-engine/aether-engine/internal/combat/domain/equipe.go:97.35,98.28 1 0
github.com/aether-engine/aether-engine/internal/combat/domain/equipe.go:98.28,100.4 1 0
github.com/aether-engine/aether-engine/internal/combat/domain/equipe.go:102.2,102.14 1 0
github.com/aether-engine/aether-engine/internal/combat/domain/equipe.go:106.44,108.35 2 0
github.com/aether-engine/aether-engine/internal/combat/domain/equipe.go:108.35,109.28 1 0
github.com/aether-engine/aether-engine/internal/combat/domain/equipe.go:109.28,111.4 1 0
github.com/aether-engine/aether-engine/internal/combat/domain/equipe.go:113.2,113.16 1 0
github.com/aether-engine/aether-engine/internal/combat/domain/equipe.go:117.45,119.35 2 0
github.com/aether-engine/aether-engine/internal/combat/domain/equipe.go:119.35,120.27 1 0
github.com/aether-engine/aether-engine/internal/combat/domain/equipe.go:120.27,122.4 1 0
github.com/aether-engine/aether-engine/internal/combat/domain/equipe.go:124.2,124.17 1 0
github.com/aether-engine/aether-engine/internal/combat/domain/equipe.go:128.48,129.25 1 0
github.com/aether-engine/aether-engine/internal/combat/domain/equipe.go:129.25,131.3 1 0
github.com/aether-engine/aether-engine/internal/combat/domain/equipe.go:133.2,134.35 2 0
github.com/aether-engine/aether-engine/internal/combat/domain/equipe.go:134.35,145.3 10 0
github.com/aether-engine/aether-engine/internal/combat/domain/equipe.go:147.2,158.3 2 0
github.com/aether-engine/aether-engine/internal/combat/domain/equipe.go:162.40,164.35 2 0
github.com/aether-engine/aether-engine/internal/combat/domain/equipe.go:164.35,169.3 2 0
github.com/aether-engine/aether-engine/internal/combat/domain/equipe.go:170.2,170.14 1 0
github.com/aether-engine/aether-engine/internal/combat/domain/equipe.go:174.37,176.2 1 0
github.com/aether-engine/aether-engine/internal/combat/domain/equipe.go:179.49,181.2 1 0
github.com/aether-engine/aether-engine/internal/combat/domain/equipe.go:184.53,186.2 1 0
github.com/aether-engine/aether-engine/internal/combat/domain/events.go:28.48,28.70 1 0
github.com/aether-engine/aether-engine/internal/combat/domain/events.go:29.48,29.72 1 0
github.com/aether-engine/aether-engine/internal/combat/domain/events.go:30.48,30.77 1 0
github.com/aether-engine/aether-engine/internal/combat/domain/events.go:31.48,31.70 1 0
github.com/aether-engine/aether-engine/internal/combat/domain/events.go:32.48,32.70 1 0
github.com/aether-engine/aether-engine/internal/combat/domain/events.go:33.48,33.74 1 0
github.com/aether-engine/aether-engine/internal/combat/domain/events.go:34.48,34.67 1 0
github.com/aether-engine/aether-engine/internal/combat/domain/events.go:43.91,49.2 1 0
github.com/aether-engine/aether-engine/internal/combat/domain/events.go:57.71,62.2 1 0
github.com/aether-engine/aether-engine/internal/combat/domain/events.go:72.125,79.2 1 0
github.com/aether-engine/aether-engine/internal/combat/domain/events.go:90.115,98.2 1 0
github.com/aether-engine/aether-engine/internal/combat/domain/events.go:109.107,117.2 1 0
github.com/aether-engine/aether-engine/internal/combat/domain/events.go:128.126,136.2 1 0
github.com/aether-engine/aether-engine/internal/combat/domain/events.go:145.91,151.2 1 0
github.com/aether-engine/aether-engine/internal/combat/domain/events.go:163.135,172.2 1 0
github.com/aether-engine/aether-engine/internal/combat/domain/events.go:183.140,191.2 1 0
github.com/aether-engine/aether-engine/internal/combat/domain/events.go:200.94,206.2 1 0
github.com/aether-engine/aether-engine/internal/combat/domain/events.go:227.28,237.2 1 0
github.com/aether-engine/aether-engine/internal/combat/domain/pathfinding.go:35.82,43.2 1 1970
github.com/aether-engine/aether-engine/internal/combat/domain/pathfinding.go:46.45,46.66 1 2952
github.com/aether-engine/aether-engine/internal/combat/domain/pathfinding.go:49.33,49.52 1 1440
github.com/aether-engine/aether-engine/internal/combat/domain/pathfinding.go:52.29,52.47 1 2051
github.com/aether-engine/aether-engine/internal/combat/domain/pathfinding.go:55.29,55.47 1 0
github.com/aether-engine/aether-engine/internal/combat/domain/pathfinding.go:61.35,61.53 1 3680
github.com/aether-engine/aether-engine/internal/combat/domain/pathfinding.go:63.45,66.32 1 6662
github.com/aether-engine/aether-engine/internal/combat/domain/pathfinding.go:66.32,68.3 1 3766
github.com/aether-engine/aether-engine/internal/combat/domain/pathfinding.go:69.2,69.34 1 2896
github.com/aether-engine/aether-engine/internal/combat/domain/pathfinding.go:72.40,74.2 1 4757
github.com/aether-engine/aether-engine/internal/combat/domain/pathfinding.go:76.46,78.2 1 1970
github.com/aether-engine/aether-engine/internal/combat/domain/pathfinding.go:80.44,86.2 5 799
github.com/aether-engine/aether-engine/internal/combat/domain/pathfinding.go:93.58,95.2 1 11
github.com/aether-engine/aether-engine/internal/combat/domain/pathfinding.go:98.51,100.2 1 3
github.com/aether-engine/aether-engine/internal/combat/domain/pathfinding.go:107.36,109.36 1 111
github.com/aether-engine/aether-engine/internal/combat/domain/pathfinding.go:109.36,111.3 1 0
github.com/aether-engine/aether-engine/internal/combat/domain/pathfinding.go:112.2,112.37 1 111
github.com/aether-engine/aether-engine/internal/combat/domain/pathfinding.go:112.37,114.3 1 1
github.com/aether-engine/aether-engine/internal/combat/domain/pathfinding.go:115.2,115.37 1 110
github.com/aether-engine/aether-engine/internal/combat/domain/pathfinding.go:115.37,117.3 1 0
github.com/aether-engine/aether-engine/internal/combat/domain/pathfinding.go:120.2,121.25 2 110
github.com/aether-engine/aether-engine/internal/combat/domain/pathfinding.go:121.25,123.3 1 0
github.com/aether-engine/aether-engine/internal/combat/domain/pathfinding.go:126.2,126.28 1 110
github.com/aether-engine/aether-engine/internal/combat/domain/pathfinding.go:126.28,128.3 1 1
github.com/aether-engine/aether-engine/internal/combat/domain/pathfinding.go:131.2,144.24 9 109
github.com/aether-engine/aether-engine/internal/combat/domain/pathfinding.go:144.24,150.41 3 784
github.com/aether-engine/aether-engine/internal/combat/domain/pathfinding.go:150.41,152.4 1 108
github.com/aether-engine/aether-engine/internal/combat/domain/pathfinding.go:155.3,160.37 3 676
github.com/aether-engine/aether-engine/internal/combat/domain/pathfinding.go:160.37,164.28 2 2475
github.com/aether-engine/aether-engine/internal/combat/domain/pathfinding.go:164.28,165.13 1 572
github.com/aether-engine/aether-engine/internal/combat/domain/pathfinding.go:169.4,174.45 4 1903
github.com/aether-engine/aether-engine/internal/combat/domain/pathfinding.go:174.45,182.5 4 1828
github.com/aether-engine/aether-engine/internal/combat/domain/pathfinding.go:187.2,187.52 1 1
github.com/aether-engine/aether-engine/internal/combat/domain/pathfinding.go:191.79,193.2 1 1937
github.com/aether-engine/aether-engine/internal/combat/domain/pathfinding.go:200.22,211.33 3 676
github.com/aether-engine/aether-engine/internal/combat/domain/pathfinding.go:211.33,213.20 2 2704
github.com/aether-engine/aether-engine/internal/combat/domain/pathfinding.go:213.20,214.12 1 128
github.com/aether-engine/aether-engine/internal/combat/domain/pathfinding.go:218.3,218.36 1 2576
github.com/aether-engine/aether-engine/internal/combat/domain/pathfinding.go:218.36,220.28 2 2477
github.com/aether-engine/aether-engine/internal/combat/domain/pathfinding.go:220.28,222.5 1 2475
github.com/aether-engine/aether-engine/internal/combat/domain/pathfinding.go:226.2,226.16 1 676
github.com/aether-engine/aether-engine/internal/combat/domain/pathfinding.go:230.93,235.30 3 108
github.com/aether-engine/aether-engine/internal/combat/domain/pathfinding.go:235.30,238.3 2 656
github.com/aether-engine/aether-engine/internal/combat/domain/pathfinding.go:241.2,241.55 1 108
github.com/aether-engine/aether-engine/internal/combat/domain/pathfinding.go:241.55,243.3 1 303
github.com/aether-engine/aether-engine/internal/combat/domain/pathfinding.go:245.2,245.15 1 108
github.com/aether-engine/aether-engine/internal/combat/domain/pathfinding.go:254.58,256.2 1 1
github.com/aether-engine/aether-engine/internal/combat/domain/pathfinding.go:259.51,261.2 1 1
github.com/aether-engine/aether-engine/internal/combat/domain/pathfinding.go:268.36,270.36 1 1
github.com/aether-engine/aether-engine/internal/combat/domain/pathfinding.go:270.36,272.3 1 0
github.com/aether-engine/aether-engine/internal/combat/domain/pathfinding.go:273.2,273.37 1 1
github.com/aether-engine/aether-engine/internal/combat/domain/pathfinding.go:273.37,275.3 1 0
github.com/aether-engine/aether-engine/internal/combat/domain/pathfinding.go:276.2,276.37 1 1
github.com/aether-engine/aether-engine/internal/combat/domain/pathfinding.go:276.37,278.3 1 0
github.com/aether-engine/aether-engine/internal/combat/domain/pathfinding.go:281.2,282.25 2 1
github.com/aether-engine/aether-engine/internal/combat/domain/pathfinding.go:282.25,284.3 1 0
github.com/aether-engine/aether-engine/internal/combat/domain/pathfinding.go:287.2,287.28 1 1
github.com/aether-engine/aether-engine/internal/combat/domain/pathfinding.go:287.28,289.3 1 0
github.com/aether-engine/aether-engine/internal/combat/domain/pathfinding.go:292.2,305.24 9 1
github.com/aether-engine/aether-engine/internal/combat/domain/pathfinding.go:305.24,309.41 3 11
github.com/aether-engine/aether-engine/internal/combat/domain/pathfinding.go:309.41,311.4 1 1
github.com/aether-engine/aether-engine/internal/combat/domain/pathfinding.go:313.3,318.37 3 10
github.com/aether-engine/aether-engine/internal/combat/domain/pathfinding.go:318.37,321.28 2 34
github.com/aether-engine/aether-engine/internal/combat/domain/pathfinding.go:321.28,322.13 1 13
github.com/aether-engine/aether-engine/internal/combat/domain/pathfinding.go:325.4,329.45 4 21
github.com/aether-engine/aether-engine/internal/combat/domain/pathfinding.go:329.45,335.5 4 18
github.com/aether-engine/aether-engine/internal/combat/domain/pathfinding.go:339.2,339.52 1 0
github.com/aether-engine/aether-engine/internal/combat/domain/pathfinding.go:343.79,346.2 2 19
github.com/aether-engine/aether-engine/internal/combat/domain/pathfinding.go:353.22,360.33 3 10
github.com/aether-engine/aether-engine/internal/combat/domain/pathfinding.go:360.33,362.20 2 40
github.com/aether-engine/aether-engine/internal/combat/domain/pathfinding.go:362.20,363.12 1 6
github.com/aether-engine/aether-engine/internal/combat/domain/pathfinding.go:366.3,366.36 1 34
github.com/aether-engine/aether-engine/internal/combat/domain/pathfinding.go:366.36,368.28 2 34
github.com/aether-engine/aether-engine/internal/combat/domain/pathfinding.go:368.28,370.5 1 34
github.com/aether-engine/aether-engine/internal/combat/domain/pathfinding.go:374.2,374.16 1 10
github.com/aether-engine/aether-engine/internal/combat/domain/pathfinding.go:378.93,382.30 3 1
github.com/aether-engine/aether-engine/internal/combat/domain/pathfinding.go:382.30,385.3 2 6
github.com/aether-engine/aether-engine/internal/combat/domain/pathfinding.go:387.2,387.55 1 1
github.com/aether-engine/aether-engine/internal/combat/domain/pathfinding.go:387.55,389.3 1 3
github.com/aether-engine/aether-engine/internal/combat/domain/pathfinding.go:391.2,391.15 1 1
github.com/aether-engine/aether-engine/internal/combat/domain/pathfinding.go:399.56,401.2 1 1
github.com/aether-engine/aether-engine/internal/combat/domain/pathfinding.go:404.50,406.2 1 1
github.com/aether-engine/aether-engine/internal/combat/domain/pathfinding.go:413.36,415.36 1 1
github.com/aether-engine/aether-engine/internal/combat/domain/pathfinding.go:415.36,417.3 1 0
github.com/aether-engine/aether-engine/internal/combat/domain/pathfinding.go:418.2,418.37 1 1
github.com/aether-engine/aether-engine/internal/combat/domain/pathfinding.go:418.37,420.3 1 0
github.com/aether-engine/aether-engine/internal/combat/domain/pathfinding.go:421.2,421.37 1 1
github.com/aether-engine/aether-engine/internal/combat/domain/pathfinding.go:421.37,423.3 1 0
github.com/aether-engine/aether-engine/internal/combat/domain/pathfinding.go:425.2,426.25 2 1
github.com/aether-engine/aether-engine/internal/combat/domain/pathfinding.go:426.25,428.3 1 0
github.com/aether-engine/aether-engine/internal/combat/domain/pathfinding.go:430.2,430.28 1 1
github.com/aether-engine/aether-engine/internal/combat/domain/pathfinding.go:430.28,432.3 1 0
github.com/aether-engine/aether-engine/internal/combat/domain/pathfinding.go:435.2,446.24 9 1
github.com/aether-engine/aether-engine/internal/combat/domain/pathfinding.go:446.24,450.41 3 4
github.com/aether-engine/aether-engine/internal/combat/domain/pathfinding.go:450.41,452.4 1 1
github.com/aether-engine/aether-engine/internal/combat/domain/pathfinding.go:454.3,459.37 3 3
github.com/aether-engine/aether-engine/internal/combat/domain/pathfinding.go:459.37,462.28 2 19
github.com/aether-engine/aether-engine/internal/combat/domain/pathfinding.go:462.28,463.13 1 2
github.com/aether-engine/aether-engine/internal/combat/domain/pathfinding.go:468.4,472.45 4 17
github.com/aether-engine/aether-engine/internal/combat/domain/pathfinding.go:472.45,478.5 4 13
github.com/aether-engine/aether-engine/internal/combat/domain/pathfinding.go:482.2,482.52 1 0
github.com/aether-engine/aether-engine/internal/combat/domain/pathfinding.go:486.78,490.13 3 14
github.com/aether-engine/aether-engine/internal/combat/domain/pathfinding.go:490.13,492.3 1 5
github.com/aether-engine/aether-engine/internal/combat/domain/pathfinding.go:493.2,493.11 1 9
github.com/aether-engine/aether-engine/internal/combat/domain/pathfinding.go:501.22,516.33 3 3
github.com/aether-engine/aether-engine/internal/combat/domain/pathfinding.go:516.33,518.20 2 24
github.com/aether-engine/aether-engine/internal/combat/domain/pathfinding.go:518.20,519.12 1 5
github.com/aether-engine/aether-engine/internal/combat/domain/pathfinding.go:522.3,522.36 1 19
github.com/aether-engine/aether-engine/internal/combat/domain/pathfinding.go:522.36,524.28 2 19
github.com/aether-engine/aether-engine/internal/combat/domain/pathfinding.go:524.28,526.5 1 19
github.com/aether-engine/aether-engine/internal/combat/domain/pathfinding.go:530.2,530.16 1 3
github.com/aether-engine/aether-engine/internal/combat/domain/pathfinding.go:534.92,538.30 3 1
github.com/aether-engine/aether-engine/internal/combat/domain/pathfinding.go:538.30,541.3 2 3
github.com/aether-engine/aether-engine/internal/combat/domain/pathfinding.go:543.2,543.55 1 1
github.com/aether-engine/aether-engine/internal/combat/domain/pathfinding.go:543.55,545.3 1 1
github.com/aether-engine/aether-engine/internal/combat/domain/pathfinding.go:547.2,547.15 1 1
github.com/aether-engine/aether-engine/internal/combat/domain/pathfinding.go:553.47,557.2 1 6179
github.com/aether-engine/aether-engine/internal/combat/domain/pathfinding.go:560.21,561.11 1 28
github.com/aether-engine/aether-engine/internal/combat/domain/pathfinding.go:561.11,563.3 1 22
github.com/aether-engine/aether-engine/internal/combat/domain/pathfinding.go:564.2,564.10 1 6
github.com/aether-engine/aether-engine/internal/combat/domain/pathfinding_factory.go:13.50,15.2 1 4
github.com/aether-engine/aether-engine/internal/combat/domain/pathfinding_factory.go:19.88,20.22 1 8
github.com/aether-engine/aether-engine/internal/combat/domain/pathfinding_factory.go:21.19,22.37 1 5
github.com/aether-engine/aether-engine/internal/combat/domain/pathfinding_factory.go:23.19,24.37 1 1
github.com/aether-engine/aether-engine/internal/combat/domain/pathfinding_factory.go:25.18,26.36 1 1
github.com/aether-engine/aether-engine/internal/combat/domain/pathfinding_factory.go:27.10,29.37 1 1
github.com/aether-engine/aether-engine/internal/combat/domain/pathfinding_factory.go:34.76,36.2 1 5
github.com/aether-engine/aether-engine/internal/combat/domain/pathfinding_factory.go:40.97,41.21 1 0
github.com/aether-engine/aether-engine/internal/combat/domain/pathfinding_factory.go:42.16,44.37 1 0
github.com/aether-engine/aether-engine/internal/combat/domain/pathfinding_factory.go:45.16,47.37 1 0
github.com/aether-engine/aether-engine/internal/combat/domain/pathfinding_factory.go:48.18,50.36 1 0
github.com/aether-engine/aether-engine/internal/combat/domain/pathfinding_factory.go:51.10,52.37 1 0
github.com/aether-engine/aether-engine/internal/combat/domain/pathfinding_factory.go:58.88,65.2 1 0
github.com/aether-engine/aether-engine/internal/combat/domain/pathfinding_factory.go:76.50,82.2 2 4
github.com/aether-engine/aether-engine/internal/combat/domain/pathfinding_factory.go:86.72,88.2 1 0
github.com/aether-engine/aether-engine/internal/combat/domain/pathfinding_factory.go:91.67,93.2 1 4
github.com/aether-engine/aether-engine/internal/combat/domain/pathfinding_factory.go:100.36,102.2 1 0
github.com/aether-engine/aether-engine/internal/combat/domain/pathfinding_factory.go:111.36,114.16 2 2
github.com/aether-engine/aether-engine/internal/combat/domain/pathfinding_factory.go:114.16,116.3 1 0
github.com/aether-engine/aether-engine/internal/combat/domain/pathfinding_factory.go:119.2,119.22 1 2
github.com/aether-engine/aether-engine/internal/combat/domain/pathfinding_factory.go:119.22,121.3 1 1
github.com/aether-engine/aether-engine/internal/combat/domain/pathfinding_factory.go:123.2,123.26 1 1
github.com/aether-engine/aether-engine/internal/combat/domain/pathfinding_factory.go:133.22,137.40 2 1
github.com/aether-engine/aether-engine/internal/combat/domain/pathfinding_factory.go:137.40,138.41 1 10
github.com/aether-engine/aether-engine/internal/combat/domain/pathfinding_factory.go:138.41,140.49 2 100
github.com/aether-engine/aether-engine/internal/combat/domain/pathfinding_factory.go:140.49,141.13 1 0
github.com/aether-engine/aether-engine/internal/combat/domain/pathfinding_factory.go:145.4,145.26 1 100
github.com/aether-engine/aether-engine/internal/combat/domain/pathfinding_factory.go:145.26,146.13 1 1
github.com/aether-engine/aether-engine/internal/combat/domain/pathfinding_factory.go:150.4,151.27 2 99
github.com/aether-engine/aether-engine/internal/combat/domain/pathfinding_factory.go:151.27,152.13 1 0
github.com/aether-engine/aether-engine/internal/combat/domain/pathfinding_factory.go:156.4,157.39 2 99
github.com/aether-engine/aether-engine/internal/combat/domain/pathfinding_factory.go:157.39,159.5 1 12
github.com/aether-engine/aether-engine/internal/combat/domain/pathfinding_factory.go:163.2,163.18 1 1
github.com/aether-engine/aether-engine/internal/combat/domain/pathfinding_factory.go:172.8,175.2 2 2
github.com/aether-engine/aether-engine/internal/combat/domain/pathfinding_factory.go:178.55,180.2 1 0
github.com/aether-engine/aether-engine/internal/combat/domain/unit_combat_behavior.go:17.73,23.2 1 0
github.com/aether-engine/aether-engine/internal/combat/domain/unit_combat_behavior.go:26.56,28.2 1 0
github.com/aether-engine/aether-engine/internal/combat/domain/unit_combat_behavior.go:31.59,33.2 1 0
github.com/aether-engine/aether-engine/internal/combat/domain/unit_combat_behavior.go:36.50,38.2 1 0
github.com/aether-engine/aether-engine/internal/combat/domain/unit_combat_behavior.go:41.53,42.20 1 0
github.com/aether-engine/aether-engine/internal/combat/domain/unit_combat_behavior.go:42.20,44.3 1 0
github.com/aether-engine/aether-engine/internal/combat/domain/unit_combat_behavior.go:46.2,48.28 2 0
github.com/aether-engine/aether-engine/internal/combat/domain/unit_combat_behavior.go:48.28,51.3 2 0
github.com/aether-engine/aether-engine/internal/combat/domain/unit_combat_behavior.go:55.48,56.20 1 0
github.com/aether-engine/aether-engine/internal/combat/domain/unit_combat_behavior.go:56.20,58.3 1 0
github.com/aether-engine/aether-engine/internal/combat/domain/unit_combat_behavior.go:60.2,63.40 2 0
github.com/aether-engine/aether-engine/internal/combat/domain/unit_combat_behavior.go:63.40,65.3 1 0
github.com/aether-engine/aether-engine/internal/combat/domain/unit_combat_behavior.go:69.45,70.21 1 0
github.com/aether-engine/aether-engine/internal/combat/domain/unit_combat_behavior.go:70.21,72.3 1 0
github.com/aether-engine/aether-engine/internal/combat/domain/unit_combat_behavior.go:74.2,78.40 3 0
github.com/aether-engine/aether-engine/internal/combat/domain/unit_combat_behavior.go:78.40,80.3 1 0
github.com/aether-engine/aether-engine/internal/combat/domain/unit_combat_behavior.go:84.48,87.40 2 0
github.com/aether-engine/aether-engine/internal/combat/domain/unit_combat_behavior.go:87.40,89.3 1 0
github.com/aether-engine/aether-engine/internal/combat/domain/unit_combat_behavior.go:93.54,94.28 1 0
github.com/aether-engine/aether-engine/internal/combat/domain/unit_combat_behavior.go:94.28,96.3 1 0
github.com/aether-engine/aether-engine/internal/combat/domain/unit_combat_behavior.go:98.2,99.12 2 0
github.com/aether-engine/aether-engine/internal/combat/domain/unit_combat_behavior.go:103.64,104.38 1 0
github.com/aether-engine/aether-engine/internal/combat/domain/unit_combat_behavior.go:104.38,106.3 1 0
github.com/aether-engine/aether-engine/internal/combat/domain/unit_combat_behavior.go:108.2,109.12 2 0
github.com/aether-engine/aether-engine/internal/combat/domain/unit_combat_behavior.go:113.44,117.2 3 0
github.com/aether-engine/aether-engine/internal/combat/domain/unit_combat_behavior.go:120.46,122.2 1 0
github.com/aether-engine/aether-engine/internal/combat/domain/unit_combat_behavior.go:125.46,127.2 1 0
github.com/aether-engine/aether-engine/internal/combat/domain/unit_combat_behavior.go:130.53,131.25 1 0
github.com/aether-engine/aether-engine/internal/combat/domain/unit_combat_behavior.go:131.25,133.3 1 0
github.com/aether-engine/aether-engine/internal/combat/domain/unit_combat_behavior.go:134.2,134.67 1 0
github.com/aether-engine/aether-engine/internal/combat/domain/unit_inventory.go:18.40,23.2 1 0
github.com/aether-engine/aether-engine/internal/combat/domain/unit_inventory.go:26.50,28.2 1 0
github.com/aether-engine/aether-engine/internal/combat/domain/unit_inventory.go:31.52,33.2 1 0
github.com/aether-engine/aether-engine/internal/combat/domain/unit_inventory.go:36.61,37.18 1 0
github.com/aether-engine/aether-engine/internal/combat/domain/unit_inventory.go:37.18,39.3 1 0
github.com/aether-engine/aether-engine/internal/combat/domain/unit_inventory.go:42.2,42.38 1 0
github.com/aether-engine/aether-engine/internal/combat/domain/unit_inventory.go:42.38,43.34 1 0
github.com/aether-engine/aether-engine/internal/combat/domain/unit_inventory.go:43.34,45.4 1 0
github.com/aether-engine/aether-engine/internal/combat/domain/unit_inventory.go:48.2,49.12 2 0
github.com/aether-engine/aether-engine/internal/combat/domain/unit_inventory.go:53.70,54.35 1 0
github.com/aether-engine/aether-engine/internal/combat/domain/unit_inventory.go:54.35,55.28 1 0
github.com/aether-engine/aether-engine/internal/combat/domain/unit_inventory.go:55.28,57.4 1 0
github.com/aether-engine/aether-engine/internal/combat/domain/unit_inventory.go:59.2,59.12 1 0
github.com/aether-engine/aether-engine/internal/combat/domain/unit_inventory.go:63.63,65.2 1 0
github.com/aether-engine/aether-engine/internal/combat/domain/unit_inventory.go:68.67,70.18 2 0
github.com/aether-engine/aether-engine/internal/combat/domain/unit_inventory.go:70.18,72.3 1 0
github.com/aether-engine/aether-engine/internal/combat/domain/unit_inventory.go:73.2,73.31 1 0
github.com/aether-engine/aether-engine/internal/combat/domain/unit_inventory.go:77.91,79.18 2 0
github.com/aether-engine/aether-engine/internal/combat/domain/unit_inventory.go:79.18,81.3 1 0
github.com/aether-engine/aether-engine/internal/combat/domain/unit_inventory.go:83.2,84.12 2 0
github.com/aether-engine/aether-engine/internal/combat/domain/unit_inventory.go:88.51,89.35 1 0
github.com/aether-engine/aether-engine/internal/combat/domain/unit_inventory.go:89.35,91.3 1 0
github.com/aether-engine/aether-engine/internal/combat/domain/unit_inventory.go:95.72,96.32 1 0
github.com/aether-engine/aether-engine/internal/combat/domain/unit_inventory.go:96.32,98.3 1 0
github.com/aether-engine/aether-engine/internal/combat/domain/unit_inventory.go:102.81,105.65 2 0
github.com/aether-engine/aether-engine/internal/combat/domain/unit_inventory.go:105.65,106.29 1 0
github.com/aether-engine/aether-engine/internal/combat/domain/unit_inventory.go:106.29,109.4 2 0
github.com/aether-engine/aether-engine/internal/combat/domain/unit_inventory.go:112.2,112.24 1 0
github.com/aether-engine/aether-engine/internal/combat/domain/unit_inventory.go:112.24,114.3 1 0
github.com/aether-engine/aether-engine/internal/combat/domain/unit_inventory.go:116.2,116.12 1 0
github.com/aether-engine/aether-engine/internal/combat/domain/unit_inventory.go:120.63,121.33 1 0
github.com/aether-engine/aether-engine/internal/combat/domain/unit_inventory.go:121.33,122.21 1 0
github.com/aether-engine/aether-engine/internal/combat/domain/unit_inventory.go:122.21,124.4 1 0
github.com/aether-engine/aether-engine/internal/combat/domain/unit_inventory.go:126.2,126.14 1 0
github.com/aether-engine/aether-engine/internal/combat/domain/unit_inventory.go:130.64,132.33 2 0
github.com/aether-engine/aether-engine/internal/combat/domain/unit_inventory.go:132.33,133.21 1 0
github.com/aether-engine/aether-engine/internal/combat/domain/unit_inventory.go:133.21,135.4 1 0
github.com/aether-engine/aether-engine/internal/combat/domain/unit_inventory.go:137.2,137.14 1 0
github.com/aether-engine/aether-engine/internal/combat/domain/unit_inventory.go:141.44,143.2 1 0
github.com/aether-engine/aether-engine/internal/combat/domain/unit_inventory.go:146.43,148.2 1 0
github.com/aether-engine/aether-engine/internal/combat/domain/unit_inventory.go:151.40,153.2 1 0
github.com/aether-engine/aether-engine/internal/combat/domain/unit_status_manager.go:17.48,21.2 1 0
github.com/aether-engine/aether-engine/internal/combat/domain/unit_status_manager.go:24.57,26.2 1 0
github.com/aether-engine/aether-engine/internal/combat/domain/unit_status_manager.go:29.68,30.19 1 0
github.com/aether-engine/aether-engine/internal/combat/domain/unit_status_manager.go:30.19,32.3 1 0
github.com/aether-engine/aether-engine/internal/combat/domain/unit_status_manager.go:35.2,35.38 1 0
github.com/aether-engine/aether-engine/internal/combat/domain/unit_status_manager.go:35.38,36.39 1 0
github.com/aether-engine/aether-engine/internal/combat/domain/unit_status_manager.go:36.39,40.4 2 0
github.com/aether-engine/aether-engine/internal/combat/domain/unit_status_manager.go:44.2,45.12 2 0
github.com/aether-engine/aether-engine/internal/combat/domain/unit_status_manager.go:49.72,50.36 1 0
github.com/aether-engine/aether-engine/internal/combat/domain/unit_status_manager.go:50.36,51.34 1 0
github.com/aether-engine/aether-engine/internal/combat/domain/unit_status_manager.go:51.34,55.4 2 0
github.com/aether-engine/aether-engine/internal/combat/domain/unit_status_manager.go:61.97,65.44 2 0
github.com/aether-engine/aether-engine/internal/combat/domain/unit_status_manager.go:65.44,69.71 2 0
github.com/aether-engine/aether-engine/internal/combat/domain/unit_status_manager.go:69.71,71.4 1 0
github.com/aether-engine/aether-engine/internal/combat/domain/unit_status_manager.go:74.3,77.25 2 0
github.com/aether-engine/aether-engine/internal/combat/domain/unit_status_manager.go:77.25,79.4 1 0
github.com/aether-engine/aether-engine/internal/combat/domain/unit_status_manager.go:82.2,82.15 1 0
github.com/aether-engine/aether-engine/internal/combat/domain/unit_status_manager.go:86.74,87.36 1 0
github.com/aether-engine/aether-engine/internal/combat/domain/unit_status_manager.go:87.36,88.34 1 0
github.com/aether-engine/aether-engine/internal/combat/domain/unit_status_manager.go:88.34,90.4 1 0
github.com/aether-engine/aether-engine/internal/combat/domain/unit_status_manager.go:92.2,92.14 1 0
github.com/aether-engine/aether-engine/internal/combat/domain/unit_status_manager.go:96.84,97.36 1 0
github.com/aether-engine/aether-engine/internal/combat/domain/unit_status_manager.go:97.36,98.34 1 0
github.com/aether-engine/aether-engine/internal/combat/domain/unit_status_manager.go:98.34,100.4 1 0
github.com/aether-engine/aether-engine/internal/combat/domain/unit_status_manager.go:102.2,102.12 1 0
github.com/aether-engine/aether-engine/internal/combat/domain/unit_status_manager.go:106.48,108.2 1 0
github.com/aether-engine/aether-engine/internal/combat/domain/unit_status_manager.go:111.46,113.2 1 0
github.com/aether-engine/aether-engine/internal/combat/domain/unit_status_manager.go:116.47,118.2 1 0
github.com/aether-engine/aether-engine/internal/combat/domain/unit_status_manager.go:121.45,123.2 1 0
github.com/aether-engine/aether-engine/internal/combat/domain/unit_status_manager.go:126.47,128.2 1 0
github.com/aether-engine/aether-engine/internal/combat/domain/unit_status_manager.go:131.50,132.36 1 0
github.com/aether-engine/aether-engine/internal/combat/domain/unit_status_manager.go:132.36,133.29 1 0
github.com/aether-engine/aether-engine/internal/combat/domain/unit_status_manager.go:133.29,135.4 1 0
github.com/aether-engine/aether-engine/internal/combat/domain/unit_status_manager.go:137.2,137.14 1 0
github.com/aether-engine/aether-engine/internal/combat/domain/unit_status_manager.go:141.51,142.36 1 0
github.com/aether-engine/aether-engine/internal/combat/domain/unit_status_manager.go:142.36,143.33 1 0
github.com/aether-engine/aether-engine/internal/combat/domain/unit_status_manager.go:143.33,145.4 1 0
github.com/aether-engine/aether-engine/internal/combat/domain/unit_status_manager.go:147.2,147.14 1 0
github.com/aether-engine/aether-engine/internal/combat/domain/unit_status_manager.go:151.47,153.2 1 0
github.com/aether-engine/aether-engine/internal/combat/domain/unite.go:36.108,52.2 1 0
github.com/aether-engine/aether-engine/internal/combat/domain/unite.go:55.45,55.60 1 0
github.com/aether-engine/aether-engine/internal/combat/domain/unite.go:56.45,56.61 1 0
github.com/aether-engine/aether-engine/internal/combat/domain/unite.go:57.45,57.64 1 0
github.com/aether-engine/aether-engine/internal/combat/domain/unite.go:58.45,58.66 1 0
github.com/aether-engine/aether-engine/internal/combat/domain/unite.go:61.48,61.79 1 0
github.com/aether-engine/aether-engine/internal/combat/domain/unite.go:62.48,62.82 1 0
github.com/aether-engine/aether-engine/internal/combat/domain/unite.go:63.48,63.79 1 0
github.com/aether-engine/aether-engine/internal/combat/domain/unite.go:64.48,64.79 1 0
github.com/aether-engine/aether-engine/internal/combat/domain/unite.go:65.48,65.80 1 0
github.com/aether-engine/aether-engine/internal/combat/domain/unite.go:66.48,66.82 1 0
github.com/aether-engine/aether-engine/internal/combat/domain/unite.go:69.33,70.29 1 0
github.com/aether-engine/aether-engine/internal/combat/domain/unite.go:70.29,72.3 1 0
github.com/aether-engine/aether-engine/internal/combat/domain/unite.go:75.2,75.32 1 0
github.com/aether-engine/aether-engine/internal/combat/domain/unite.go:75.32,77.3 1 0
github.com/aether-engine/aether-engine/internal/combat/domain/unite.go:79.2,79.31 1 0
github.com/aether-engine/aether-engine/internal/combat/domain/unite.go:83.39,84.29 1 0
github.com/aether-engine/aether-engine/internal/combat/domain/unite.go:84.29,86.3 1 0
github.com/aether-engine/aether-engine/internal/combat/domain/unite.go:89.2,89.33 1 0
github.com/aether-engine/aether-engine/internal/combat/domain/unite.go:89.33,91.3 1 0
github.com/aether-engine/aether-engine/internal/combat/domain/unite.go:93.2,93.33 1 0
github.com/aether-engine/aether-engine/internal/combat/domain/unite.go:97.45,98.29 1 0
github.com/aether-engine/aether-engine/internal/combat/domain/unite.go:98.29,100.3 1 0
github.com/aether-engine/aether-engine/internal/combat/domain/unite.go:103.2,103.36 1 0
github.com/aether-engine/aether-engine/internal/combat/domain/unite.go:107.65,109.2 1 0
github.com/aether-engine/aether-engine/internal/combat/domain/unite.go:112.44,114.2 1 0
github.com/aether-engine/aether-engine/internal/combat/domain/unite.go:117.40,119.2 1 0
github.com/aether-engine/aether-engine/internal/combat/domain/unite.go:122.35,124.2 1 0
github.com/aether-engine/aether-engine/internal/combat/domain/unite.go:127.60,128.29 1 0
github.com/aether-engine/aether-engine/internal/combat/domain/unite.go:128.29,130.3 1 0
github.com/aether-engine/aether-engine/internal/combat/domain/unite.go:133.2,133.37 1 0
github.com/aether-engine/aether-engine/internal/combat/domain/unite.go:137.61,139.2 1 0
github.com/aether-engine/aether-engine/internal/combat/domain/unite.go:142.55,145.2 1 0
github.com/aether-engine/aether-engine/internal/combat/domain/unite.go:148.59,150.2 1 0
github.com/aether-engine/aether-engine/internal/combat/domain/unite.go:153.64,155.2 1 0
github.com/aether-engine/aether-engine/internal/combat/domain/unite.go:158.66,160.17 2 0
github.com/aether-engine/aether-engine/internal/combat/domain/unite.go:160.17,162.3 1 0
github.com/aether-engine/aether-engine/internal/combat/domain/unite.go:165.2,165.42 1 0
github.com/aether-engine/aether-engine/internal/combat/domain/unite.go:165.42,167.3 1 0
github.com/aether-engine/aether-engine/internal/combat/domain/unite.go:169.2,169.58 1 0
github.com/aether-engine/aether-engine/internal/combat/domain/unite.go:169.58,171.3 1 0
github.com/aether-engine/aether-engine/internal/combat/domain/unite.go:174.2,174.41 1 0
github.com/aether-engine/aether-engine/internal/combat/domain/unite.go:178.63,179.39 1 0
github.com/aether-engine/aether-engine/internal/combat/domain/unite.go:179.39,181.3 1 0
github.com/aether-engine/aether-engine/internal/combat/domain/unite.go:183.2,184.17 2 0
github.com/aether-engine/aether-engine/internal/combat/domain/unite.go:184.17,186.3 1 0
github.com/aether-engine/aether-engine/internal/combat/domain/unite.go:189.2,189.58 1 0
github.com/aether-engine/aether-engine/internal/combat/domain/unite.go:189.58,191.3 1 0
github.com/aether-engine/aether-engine/internal/combat/domain/unite.go:192.2,192.68 1 0
github.com/aether-engine/aether-engine/internal/combat/domain/unite.go:192.68,194.3 1 0
github.com/aether-engine/aether-engine/internal/combat/domain/unite.go:197.2,199.12 2 0
github.com/aether-engine/aether-engine/internal/combat/domain/unite.go:203.90,204.25 1 0
github.com/aether-engine/aether-engine/internal/combat/domain/unite.go:204.25,206.3 1 0
github.com/aether-engine/aether-engine/internal/combat/domain/unite.go:208.2,208.44 1 0
github.com/aether-engine/aether-engine/internal/combat/domain/unite.go:208.44,210.3 1 0
github.com/aether-engine/aether-engine/internal/combat/domain/unite.go:212.2,215.12 3 0
github.com/aether-engine/aether-engine/internal/combat/domain/unite.go:219.35,220.29 1 0
github.com/aether-engine/aether-engine/internal/combat/domain/unite.go:220.29,222.3 1 0
github.com/aether-engine/aether-engine/internal/combat/domain/unite.go:225.2,234.46 7 0
github.com/aether-engine/aether-engine/internal/combat/domain/unite.go:234.46,236.3 1 0
github.com/aether-engine/aether-engine/internal/combat/domain/unite.go:240.31,255.2 6 0
github.com/aether-engine/aether-engine/internal/combat/domain/unite.go:258.82,260.27 2 0
github.com/aether-engine/aether-engine/internal/combat/domain/unite.go:261.13,262.35 1 0
github.com/aether-engine/aether-engine/internal/combat/domain/unite.go:263.13,264.35 1 0
github.com/aether-engine/aether-engine/internal/combat/domain/unite.go:265.14,266.36 1 0
github.com/aether-engine/aether-engine/internal/combat/domain/unite.go:267.14,268.36 1 0
github.com/aether-engine/aether-engine/internal/combat/domain/unite.go:269.13,270.35 1 0
github.com/aether-engine/aether-engine/internal/combat/domain/unite.go:271.13,272.35 1 0
github.com/aether-engine/aether-engine/internal/combat/domain/unite.go:277.80,279.27 2 0
github.com/aether-engine/aether-engine/internal/combat/domain/unite.go:280.13,281.35 1 0
github.com/aether-engine/aether-engine/internal/combat/domain/unite.go:282.13,283.35 1 0
github.com/aether-engine/aether-engine/internal/combat/domain/unite.go:284.14,285.36 1 0
github.com/aether-engine/aether-engine/internal/combat/domain/unite.go:286.14,287.36 1 0
github.com/aether-engine/aether-engine/internal/combat/domain/unite.go:288.13,289.35 1 0
github.com/aether-engine/aether-engine/internal/combat/domain/unite.go:290.13,291.35 1 0
github.com/aether-engine/aether-engine/internal/combat/domain/unite.go:296.35,313.47 12 0
github.com/aether-engine/aether-engine/internal/combat/domain/unite.go:313.47,314.46 1 0
github.com/aether-engine/aether-engine/internal/combat/domain/unite.go:314.46,316.4 1 0
github.com/aether-engine/aether-engine/internal/combat/domain/unite.go:323.48,325.2 1 0
github.com/aether-engine/aether-engine/internal/combat/domain/unite.go:328.53,330.2 1 0
github.com/aether-engine/aether-engine/internal/combat/domain/unite.go:333.58,360.2 3 0
github.com/aether-engine/aether-engine/internal/combat/domain/unite.go:363.62,365.2 1 0
github.com/aether-engine/aether-engine/internal/combat/domain/unite.go:370.31,375.25 4 0
github.com/aether-engine/aether-engine/internal/combat/domain/unite.go:375.25,377.3 1 0
github.com/aether-engine/aether-engine/internal/combat/domain/unite.go:378.2,378.36 1 0
github.com/aether-engine/aether-engine/internal/combat/domain/unite.go:378.36,380.3 1 0
github.com/aether-engine/aether-engine/internal/combat/domain/unite.go:383.2,383.26 1 0
github.com/aether-engine/aether-engine/internal/combat/domain/unite.go:383.26,385.3 1 0
github.com/aether-engine/aether-engine/internal/combat/domain/unite.go:389.31,394.45 4 0
github.com/aether-engine/aether-engine/internal/combat/domain/unite.go:394.45,396.3 1 0
github.com/aether-engine/aether-engine/internal/combat/domain/unite.go:397.2,397.36 1 0
github.com/aether-engine/aether-engine/internal/combat/domain/unite.go:397.36,399.3 1 0
github.com/aether-engine/aether-engine/internal/combat/domain/unite.go:403.42,408.36 4 0
github.com/aether-engine/aether-engine/internal/combat/domain/unite.go:408.36,410.3 1 0
github.com/aether-engine/aether-engine/internal/combat/domain/unite.go:414.37,415.30 1 0
github.com/aether-engine/aether-engine/internal/combat/domain/unite.go:415.30,417.3 1 0
github.com/aether-engine/aether-engine/internal/combat/domain/unite.go:420.2,423.40 2 0
github.com/aether-engine/aether-engine/internal/combat/domain/unite.go:427.30,432.2 1 0
github.com/aether-engine/aether-engine/internal/combat/domain/unite.go:435.65,439.2 1 0
github.com/aether-engine/aether-engine/internal/combat/domain/unite.go:442.35,444.2 1 0
github.com/aether-engine/aether-engine/internal/combat/domain/unite.go:447.32,449.2 1 0
github.com/aether-engine/aether-engine/internal/combat/domain/unite.go:452.32,454.2 1 0
github.com/aether-engine/aether-engine/internal/combat/domain/unite.go:457.38,459.2 1 0
github.com/aether-engine/aether-engine/internal/combat/domain/unite.go:462.57,464.2 1 0
github.com/aether-engine/aether-engine/internal/combat/domain/unite.go:467.66,469.17 2 0
github.com/aether-engine/aether-engine/internal/combat/domain/unite.go:469.17,471.3 1 0
github.com/aether-engine/aether-engine/internal/combat/domain/unite.go:475.67,487.2 2 0
